# JRE version: OpenJDK Runtime Environment Temurin-21.0.11+10 (21.0.11+10) (build 21.0.11+10-LTS)
# Java VM: OpenJDK 64-Bit Server VM Temurin-21.0.11+10 (21.0.11+10-LTS, mixed mode, emulated-client, sharing, tiered, compressed oops, compressed class ptrs, g1 gc, windows-amd64)
GC Precious Log:
 CardTable entry size: 512
 Card Set container configuration: InlinePtr #cards 5 size 8 Array Of Cards #cards 12 size 40 Howl #buckets 4 coarsen threshold 1843 Howl Bitmap #cards 512 size 80 coarsen threshold 460 Card regions per heap region 1 cards per card region 2048
 CPUs: 12 total, 12 available
 Memory: 7918M
 Large Page Support: Disabled
 NUMA Support: Disabled
 Compressed Oops: Enabled (32-bit)
 Heap Region Size: 1M
 Heap Min Capacity: 8M
 Heap Initial Capacity: 124M
 Heap Max Capacity: 1G
 Pre-touch: Disabled
 Parallel Workers: 10
 Concurrent Workers: 3
 Concurrent Refinement Workers: 10
 Periodic GC: Disabled
Heap:
 garbage-first heap   total 86016K, used 25276K [0x00000000c0000000, 0x0000000100000000)
  region size 1024K, 1 young (1024K), 0 survivors (0K)
 Metaspace       used 32631K, committed 33536K, reserved 1114112K
  class space    used 4300K, committed 4672K, reserved 1048576K
GC Heap History (20 events):
Event: 7165.248 GC heap after
{Heap after GC invocations=56 (full 50):
 garbage-first heap   total 86016K, used 25276K [0x00000000c0000000, 0x0000000100000000)
  region size 1024K, 0 young (0K), 0 survivors (0K)
 Metaspace       used 32631K, committed 33536K, reserved 1114112K
  class space    used 4300K, committed 4672K, reserved 1048576K
}
Event: 7175.470 GC heap before
{Heap before GC invocations=56 (full 50):
 garbage-first heap   total 86016K, used 25276K [0x00000000c0000000, 0x0000000100000000)
  region size 1024K, 1 young (1024K), 0 survivors (0K)
 Metaspace       used 32631K, committed 33536K, reserved 1114112K
  class space    used 4300K, committed 4672K, reserved 1048576K
}
Event: 7175.492 GC heap after
{Heap after GC invocations=57 (full 51):
 garbage-first heap   total 86016K, used 25276K [0x00000000c0000000, 0x0000000100000000)
  region size 1024K, 0 young (0K), 0 survivors (0K)
 Metaspace       used 32631K, committed 33536K, reserved 1114112K
  class space    used 4300K, committed 4672K, reserved 1048576K
}
Event: 44382.510 GC heap before
{Heap before GC invocations=57 (full 51):
 garbage-first heap   total 86016K, used 25276K [0x00000000c0000000, 0x0000000100000000)
  region size 1024K, 1 young (1024K), 0 survivors (0K)
 Metaspace       used 32631K, committed 33536K, reserved 1114112K
  class space    used 4300K, committed 4672K, reserved 1048576K
}
Event: 44382.544 GC heap after
{Heap after GC invocations=58 (full 52):
 garbage-first heap   total 86016K, used 25276K [0x00000000c0000000, 0x0000000100000000)
  region size 1024K, 0 young (0K), 0 survivors (0K)
 Metaspace       used 32631K, committed 33536K, reserved 1114112K
  class space    used 4300K, committed 4672K, reserved 1048576K
}
Event: 44392.758 GC heap before
{Heap before GC invocations=58 (full 52):
 garbage-first heap   total 86016K, used 25276K [0x00000000c0000000, 0x0000000100000000)
  region size 1024K, 1 young (1024K), 0 survivors (0K)
 Metaspace       used 32631K, committed 33536K, reserved 1114112K
  class space    used 4300K, committed 4672K, reserved 1048576K
}
Event: 44392.783 GC heap after
{Heap after GC invocations=59 (full 53):
 garbage-first heap   total 86016K, used 25276K [0x00000000c0000000, 0x0000000100000000)
  region size 1024K, 0 young (0K), 0 survivors (0K)
 Metaspace       used 32631K, committed 33536K, reserved 1114112K
  class space    used 4300K, committed 4672K, reserved 1048576K
}
Event: 44404.134 GC heap before
{Heap before GC invocations=59 (full 53):
 garbage-first heap   total 86016K, used 25276K [0x00000000c0000000, 0x0000000100000000)
  region size 1024K, 1 young (1024K), 0 survivors (0K)
 Metaspace       used 32631K, committed 33536K, reserved 1114112K
  class space    used 4300K, committed 4672K, reserved 1048576K
}
Event: 44404.163 GC heap after
{Heap after GC invocations=60 (full 54):
 garbage-first heap   total 86016K, used 25276K [0x00000000c0000000, 0x0000000100000000)
  region size 1024K, 0 young (0K), 0 survivors (0K)
 Metaspace       used 32631K, committed 33536K, reserved 1114112K
  class space    used 4300K, committed 4672K, reserved 1048576K
}
Event: 44414.440 GC heap before
{Heap before GC invocations=60 (full 54):
 garbage-first heap   total 86016K, used 25276K [0x00000000c0000000, 0x0000000100000000)
  region size 1024K, 1 young (1024K), 0 survivors (0K)
 Metaspace       used 32631K, committed 33536K, reserved 1114112K
  class space    used 4300K, committed 4672K, reserved 1048576K
}
Event: 44414.470 GC heap after
{Heap after GC invocations=61 (full 55):
 garbage-first heap   total 86016K, used 25276K [0x00000000c0000000, 0x0000000100000000)
  region size 1024K, 0 young (0K), 0 survivors (0K)
 Metaspace       used 32631K, committed 33536K, reserved 1114112K
  class space    used 4300K, committed 4672K, reserved 1048576K
}
Event: 44424.739 GC heap before
{Heap before GC invocations=61 (full 55):
 garbage-first heap   total 86016K, used 25276K [0x00000000c0000000, 0x0000000100000000)
  region size 1024K, 1 young (1024K), 0 survivors (0K)
 Metaspace       used 32631K, committed 33536K, reserved 1114112K
  class space    used 4300K, committed 4672K, reserved 1048576K
}
Event: 44424.766 GC heap after
{Heap after GC invocations=62 (full 56):
 garbage-first heap   total 86016K, used 25276K [0x00000000c0000000, 0x0000000100000000)
  region size 1024K, 0 young (0K), 0 survivors (0K)
 Metaspace       used 32631K, committed 33536K, reserved 1114112K
  class space    used 4300K, committed 4672K, reserved 1048576K
}
Event: 44435.013 GC heap before
{Heap before GC invocations=62 (full 56):
 garbage-first heap   total 86016K, used 25276K [0x00000000c0000000, 0x0000000100000000)
  region size 1024K, 1 young (1024K), 0 survivors (0K)
 Metaspace       used 32631K, committed 33536K, reserved 1114112K
  class space    used 4300K, committed 4672K, reserved 1048576K
}
Event: 44435.035 GC heap after
{Heap after GC invocations=63 (full 57):
 garbage-first heap   total 86016K, used 25276K [0x00000000c0000000, 0x0000000100000000)
  region size 1024K, 0 young (0K), 0 survivors (0K)
 Metaspace       used 32631K, committed 33536K, reserved 1114112K
  class space    used 4300K, committed 4672K, reserved 1048576K
}
Event: 44445.360 GC heap before
{Heap before GC invocations=63 (full 57):
 garbage-first heap   total 86016K, used 25276K [0x00000000c0000000, 0x0000000100000000)
  region size 1024K, 1 young (1024K), 0 survivors (0K)
 Metaspace       used 32631K, committed 33536K, reserved 1114112K
  class space    used 4300K, committed 4672K, reserved 1048576K
}
Event: 44445.391 GC heap after
{Heap after GC invocations=64 (full 58):
 garbage-first heap   total 86016K, used 25276K [0x00000000c0000000, 0x0000000100000000)
  region size 1024K, 0 young (0K), 0 survivors (0K)
 Metaspace       used 32631K, committed 33536K, reserved 1114112K
  class space    used 4300K, committed 4672K, reserved 1048576K
}
Event: 44455.906 GC heap before
{Heap before GC invocations=64 (full 58):
 garbage-first heap   total 86016K, used 25276K [0x00000000c0000000, 0x0000000100000000)
  region size 1024K, 1 young (1024K), 0 survivors (0K)
 Metaspace       used 32631K, committed 33536K, reserved 1114112K
  class space    used 4300K, committed 4672K, reserved 1048576K
}
Event: 44455.937 GC heap after
{Heap after GC invocations=65 (full 59):
 garbage-first heap   total 86016K, used 25276K [0x00000000c0000000, 0x0000000100000000)
  region size 1024K, 0 young (0K), 0 survivors (0K)
 Metaspace       used 32631K, committed 33536K, reserved 1114112K
  class space    used 4300K, committed 4672K, reserved 1048576K
}
Event: 44475.962 GC heap before
{Heap before GC invocations=65 (full 59):
 garbage-first heap   total 86016K, used 25276K [0x00000000c0000000, 0x0000000100000000)
  region size 1024K, 1 young (1024K), 0 survivors (0K)
 Metaspace       used 32631K, committed 33536K, reserved 1114112K
  class space    used 4300K, committed 4672K, reserved 1048576K
}

