# JRE version: OpenJDK Runtime Environment Temurin-21.0.11+10 (21.0.11+10) (build 21.0.11+10-LTS)
# Java VM: OpenJDK 64-Bit Server VM Temurin-21.0.11+10 (21.0.11+10-LTS, mixed mode, sharing, tiered, compressed oops, compressed class ptrs, parallel gc, windows-amd64)
GC Precious Log:
 CardTable entry size: 512
 CPUs: 12 total, 12 available
 Memory: 7918M
 Large Page Support: Disabled
 NUMA Support: Disabled
 Compressed Oops: Enabled (32-bit)
 Alignments: Space 512K, Generation 512K, Heap 2M
 Heap Min Capacity: 100M
 Heap Initial Capacity: 100M
 Heap Max Capacity: 2G
 Pre-touch: Disabled
 Parallel Workers: 10
Heap:
 PSYoungGen      total 5120K, used 3290K [0x00000000d5580000, 0x00000000d5b80000, 0x0000000100000000)
  eden space 4096K, 68% used [0x00000000d5580000,0x00000000d583b010,0x00000000d5980000)
  from space 1024K, 56% used [0x00000000d5a80000,0x00000000d5b10000,0x00000000d5b80000)
  to   space 1024K, 0% used [0x00000000d5980000,0x00000000d5980000,0x00000000d5a80000)
 ParOldGen       total 526336K, used 526150K [0x0000000080000000, 0x00000000a0200000, 0x00000000d5580000)
  object space 526336K, 99% used [0x0000000080000000,0x00000000a01d1ae0,0x00000000a0200000)
 Metaspace       used 71734K, committed 73344K, reserved 1114112K
  class space    used 7678K, committed 8384K, reserved 1048576K
GC Heap History (20 events):
Event: 78.685 GC heap after
{Heap after GC invocations=575 (full 3):
 PSYoungGen      total 4096K, used 620K [0x00000000d5580000, 0x00000000d5a80000, 0x0000000100000000)
  eden space 3072K, 0% used [0x00000000d5580000,0x00000000d5580000,0x00000000d5880000)
  from space 1024K, 60% used [0x00000000d5980000,0x00000000d5a1b008,0x00000000d5a80000)
  to   space 1024K, 0% used [0x00000000d5880000,0x00000000d5880000,0x00000000d5980000)
 ParOldGen       total 522240K, used 522162K [0x0000000080000000, 0x000000009fe00000, 0x00000000d5580000)
  object space 522240K, 99% used [0x0000000080000000,0x000000009fdeca30,0x000000009fe00000)
 Metaspace       used 71733K, committed 73344K, reserved 1114112K
  class space    used 7678K, committed 8384K, reserved 1048576K
}
Event: 78.693 GC heap before
{Heap before GC invocations=576 (full 3):
 PSYoungGen      total 4096K, used 3692K [0x00000000d5580000, 0x00000000d5a80000, 0x0000000100000000)
  eden space 3072K, 100% used [0x00000000d5580000,0x00000000d5880000,0x00000000d5880000)
  from space 1024K, 60% used [0x00000000d5980000,0x00000000d5a1b008,0x00000000d5a80000)
  to   space 1024K, 0% used [0x00000000d5880000,0x00000000d5880000,0x00000000d5980000)
 ParOldGen       total 522240K, used 522162K [0x0000000080000000, 0x000000009fe00000, 0x00000000d5580000)
  object space 522240K, 99% used [0x0000000080000000,0x000000009fdeca30,0x000000009fe00000)
 Metaspace       used 71733K, committed 73344K, reserved 1114112K
  class space    used 7678K, committed 8384K, reserved 1048576K
}
Event: 78.695 GC heap after
{Heap after GC invocations=576 (full 3):
 PSYoungGen      total 4096K, used 480K [0x00000000d5580000, 0x00000000d5a80000, 0x0000000100000000)
  eden space 3072K, 0% used [0x00000000d5580000,0x00000000d5580000,0x00000000d5880000)
  from space 1024K, 46% used [0x00000000d5880000,0x00000000d58f8000,0x00000000d5980000)
  to   space 1024K, 0% used [0x00000000d5980000,0x00000000d5980000,0x00000000d5a80000)
 ParOldGen       total 522752K, used 522646K [0x0000000080000000, 0x000000009fe80000, 0x00000000d5580000)
  object space 522752K, 99% used [0x0000000080000000,0x000000009fe65a38,0x000000009fe80000)
 Metaspace       used 71733K, committed 73344K, reserved 1114112K
  class space    used 7678K, committed 8384K, reserved 1048576K
}
Event: 78.703 GC heap before
{Heap before GC invocations=577 (full 3):
 PSYoungGen      total 4096K, used 3552K [0x00000000d5580000, 0x00000000d5a80000, 0x0000000100000000)
  eden space 3072K, 100% used [0x00000000d5580000,0x00000000d5880000,0x00000000d5880000)
  from space 1024K, 46% used [0x00000000d5880000,0x00000000d58f8000,0x00000000d5980000)
  to   space 1024K, 0% used [0x00000000d5980000,0x00000000d5980000,0x00000000d5a80000)
 ParOldGen       total 522752K, used 522646K [0x0000000080000000, 0x000000009fe80000, 0x00000000d5580000)
  object space 522752K, 99% used [0x0000000080000000,0x000000009fe65a38,0x000000009fe80000)
 Metaspace       used 71733K, committed 73344K, reserved 1114112K
  class space    used 7678K, committed 8384K, reserved 1048576K
}
Event: 78.704 GC heap after
{Heap after GC invocations=577 (full 3):
 PSYoungGen      total 4096K, used 512K [0x00000000d5580000, 0x00000000d5a80000, 0x0000000100000000)
  eden space 3072K, 0% used [0x00000000d5580000,0x00000000d5580000,0x00000000d5880000)
  from space 1024K, 50% used [0x00000000d5980000,0x00000000d5a00000,0x00000000d5a80000)
  to   space 1024K, 0% used [0x00000000d5880000,0x00000000d5880000,0x00000000d5980000)
 ParOldGen       total 523264K, used 523046K [0x0000000080000000, 0x000000009ff00000, 0x00000000d5580000)
  object space 523264K, 99% used [0x0000000080000000,0x000000009fec9a38,0x000000009ff00000)
 Metaspace       used 71733K, committed 73344K, reserved 1114112K
  class space    used 7678K, committed 8384K, reserved 1048576K
}
Event: 78.712 GC heap before
{Heap before GC invocations=578 (full 3):
 PSYoungGen      total 4096K, used 3584K [0x00000000d5580000, 0x00000000d5a80000, 0x0000000100000000)
  eden space 3072K, 100% used [0x00000000d5580000,0x00000000d5880000,0x00000000d5880000)
  from space 1024K, 50% used [0x00000000d5980000,0x00000000d5a00000,0x00000000d5a80000)
  to   space 1024K, 0% used [0x00000000d5880000,0x00000000d5880000,0x00000000d5980000)
 ParOldGen       total 523264K, used 523046K [0x0000000080000000, 0x000000009ff00000, 0x00000000d5580000)
  object space 523264K, 99% used [0x0000000080000000,0x000000009fec9a38,0x000000009ff00000)
 Metaspace       used 71733K, committed 73344K, reserved 1114112K
  class space    used 7678K, committed 8384K, reserved 1048576K
}
Event: 78.713 GC heap after
{Heap after GC invocations=578 (full 3):
 PSYoungGen      total 4096K, used 384K [0x00000000d5580000, 0x00000000d5a00000, 0x0000000100000000)
  eden space 3072K, 0% used [0x00000000d5580000,0x00000000d5580000,0x00000000d5880000)
  from space 1024K, 37% used [0x00000000d5880000,0x00000000d58e0000,0x00000000d5980000)
  to   space 512K, 0% used [0x00000000d5980000,0x00000000d5980000,0x00000000d5a00000)
 ParOldGen       total 523776K, used 523446K [0x0000000080000000, 0x000000009ff80000, 0x00000000d5580000)
  object space 523776K, 99% used [0x0000000080000000,0x000000009ff2da38,0x000000009ff80000)
 Metaspace       used 71733K, committed 73344K, reserved 1114112K
  class space    used 7678K, committed 8384K, reserved 1048576K
}
Event: 78.785 GC heap before
{Heap before GC invocations=579 (full 3):
 PSYoungGen      total 4096K, used 3444K [0x00000000d5580000, 0x00000000d5a00000, 0x0000000100000000)
  eden space 3072K, 99% used [0x00000000d5580000,0x00000000d587d248,0x00000000d5880000)
  from space 1024K, 37% used [0x00000000d5880000,0x00000000d58e0000,0x00000000d5980000)
  to   space 512K, 0% used [0x00000000d5980000,0x00000000d5980000,0x00000000d5a00000)
 ParOldGen       total 523776K, used 523446K [0x0000000080000000, 0x000000009ff80000, 0x00000000d5580000)
  object space 523776K, 99% used [0x0000000080000000,0x000000009ff2da38,0x000000009ff80000)
 Metaspace       used 71734K, committed 73344K, reserved 1114112K
  class space    used 7678K, committed 8384K, reserved 1048576K
}
Event: 78.786 GC heap after
{Heap after GC invocations=579 (full 3):
 PSYoungGen      total 3584K, used 464K [0x00000000d5580000, 0x00000000d5a00000, 0x0000000100000000)
  eden space 3072K, 0% used [0x00000000d5580000,0x00000000d5580000,0x00000000d5880000)
  from space 512K, 90% used [0x00000000d5980000,0x00000000d59f4148,0x00000000d5a00000)
  to   space 512K, 0% used [0x00000000d5900000,0x00000000d5900000,0x00000000d5980000)
 ParOldGen       total 523776K, used 523686K [0x0000000080000000, 0x000000009ff80000, 0x00000000d5580000)
  object space 523776K, 99% used [0x0000000080000000,0x000000009ff69a38,0x000000009ff80000)
 Metaspace       used 71734K, committed 73344K, reserved 1114112K
  class space    used 7678K, committed 8384K, reserved 1048576K
}
Event: 78.793 GC heap before
{Heap before GC invocations=580 (full 3):
 PSYoungGen      total 3584K, used 3536K [0x00000000d5580000, 0x00000000d5a00000, 0x0000000100000000)
  eden space 3072K, 100% used [0x00000000d5580000,0x00000000d5880000,0x00000000d5880000)
  from space 512K, 90% used [0x00000000d5980000,0x00000000d59f4148,0x00000000d5a00000)
  to   space 512K, 0% used [0x00000000d5900000,0x00000000d5900000,0x00000000d5980000)
 ParOldGen       total 523776K, used 523686K [0x0000000080000000, 0x000000009ff80000, 0x00000000d5580000)
  object space 523776K, 99% used [0x0000000080000000,0x000000009ff69a38,0x000000009ff80000)
 Metaspace       used 71734K, committed 73344K, reserved 1114112K
  class space    used 7678K, committed 8384K, reserved 1048576K
}
Event: 78.794 GC heap after
{Heap after GC invocations=580 (full 3):
 PSYoungGen      total 3584K, used 512K [0x00000000d5580000, 0x00000000d5a80000, 0x0000000100000000)
  eden space 3072K, 0% used [0x00000000d5580000,0x00000000d5580000,0x00000000d5880000)
  from space 512K, 100% used [0x00000000d5900000,0x00000000d5980000,0x00000000d5980000)
  to   space 1024K, 0% used [0x00000000d5980000,0x00000000d5980000,0x00000000d5a80000)
 ParOldGen       total 524288K, used 524005K [0x0000000080000000, 0x00000000a0000000, 0x00000000d5580000)
  object space 524288K, 99% used [0x0000000080000000,0x000000009ffb96d0,0x00000000a0000000)
 Metaspace       used 71734K, committed 73344K, reserved 1114112K
  class space    used 7678K, committed 8384K, reserved 1048576K
}
Event: 78.799 GC heap before
{Heap before GC invocations=581 (full 3):
 PSYoungGen      total 3584K, used 3584K [0x00000000d5580000, 0x00000000d5a80000, 0x0000000100000000)
  eden space 3072K, 100% used [0x00000000d5580000,0x00000000d5880000,0x00000000d5880000)
  from space 512K, 100% used [0x00000000d5900000,0x00000000d5980000,0x00000000d5980000)
  to   space 1024K, 0% used [0x00000000d5980000,0x00000000d5980000,0x00000000d5a80000)
 ParOldGen       total 524288K, used 524005K [0x0000000080000000, 0x00000000a0000000, 0x00000000d5580000)
  object space 524288K, 99% used [0x0000000080000000,0x000000009ffb96d0,0x00000000a0000000)
 Metaspace       used 71734K, committed 73344K, reserved 1114112K
  class space    used 7678K, committed 8384K, reserved 1048576K
}
Event: 78.801 GC heap after
{Heap after GC invocations=581 (full 3):
 PSYoungGen      total 4096K, used 507K [0x00000000d5580000, 0x00000000d5a80000, 0x0000000100000000)
  eden space 3072K, 0% used [0x00000000d5580000,0x00000000d5580000,0x00000000d5880000)
  from space 1024K, 49% used [0x00000000d5980000,0x00000000d59fec08,0x00000000d5a80000)
  to   space 1024K, 0% used [0x00000000d5880000,0x00000000d5880000,0x00000000d5980000)
 ParOldGen       total 524800K, used 524429K [0x0000000080000000, 0x00000000a0080000, 0x00000000d5580000)
  object space 524800K, 99% used [0x0000000080000000,0x00000000a00236d0,0x00000000a0080000)
 Metaspace       used 71734K, committed 73344K, reserved 1114112K
  class space    used 7678K, committed 8384K, reserved 1048576K
}
Event: 80.812 GC heap before
{Heap before GC invocations=582 (full 3):
 PSYoungGen      total 4096K, used 3532K [0x00000000d5580000, 0x00000000d5a80000, 0x0000000100000000)
  eden space 3072K, 98% used [0x00000000d5580000,0x00000000d5874640,0x00000000d5880000)
  from space 1024K, 49% used [0x00000000d5980000,0x00000000d59fec08,0x00000000d5a80000)
  to   space 1024K, 0% used [0x00000000d5880000,0x00000000d5880000,0x00000000d5980000)
 ParOldGen       total 524800K, used 524429K [0x0000000080000000, 0x00000000a0080000, 0x00000000d5580000)
  object space 524800K, 99% used [0x0000000080000000,0x00000000a00236d0,0x00000000a0080000)
 Metaspace       used 71734K, committed 73344K, reserved 1114112K
  class space    used 7678K, committed 8384K, reserved 1048576K
}
Event: 80.815 GC heap after
{Heap after GC invocations=582 (full 3):
 PSYoungGen      total 4096K, used 640K [0x00000000d5580000, 0x00000000d5a80000, 0x0000000100000000)
  eden space 3072K, 0% used [0x00000000d5580000,0x00000000d5580000,0x00000000d5880000)
  from space 1024K, 62% used [0x00000000d5880000,0x00000000d5920000,0x00000000d5980000)
  to   space 1024K, 0% used [0x00000000d5980000,0x00000000d5980000,0x00000000d5a80000)
 ParOldGen       total 525312K, used 524872K [0x0000000080000000, 0x00000000a0100000, 0x00000000d5580000)
  object space 525312K, 99% used [0x0000000080000000,0x00000000a00922d8,0x00000000a0100000)
 Metaspace       used 71734K, committed 73344K, reserved 1114112K
  class space    used 7678K, committed 8384K, reserved 1048576K
}
Event: 80.823 GC heap before
{Heap before GC invocations=583 (full 3):
 PSYoungGen      total 4096K, used 3708K [0x00000000d5580000, 0x00000000d5a80000, 0x0000000100000000)
  eden space 3072K, 99% used [0x00000000d5580000,0x00000000d587f0c8,0x00000000d5880000)
  from space 1024K, 62% used [0x00000000d5880000,0x00000000d5920000,0x00000000d5980000)
  to   space 1024K, 0% used [0x00000000d5980000,0x00000000d5980000,0x00000000d5a80000)
 ParOldGen       total 525312K, used 524872K [0x0000000080000000, 0x00000000a0100000, 0x00000000d5580000)
  object space 525312K, 99% used [0x0000000080000000,0x00000000a00922d8,0x00000000a0100000)
 Metaspace       used 71734K, committed 73344K, reserved 1114112K
  class space    used 7678K, committed 8384K, reserved 1048576K
}
Event: 80.824 GC heap after
{Heap after GC invocations=583 (full 3):
 PSYoungGen      total 4096K, used 534K [0x00000000d5580000, 0x00000000d5a80000, 0x0000000100000000)
  eden space 3072K, 0% used [0x00000000d5580000,0x00000000d5580000,0x00000000d5880000)
  from space 1024K, 52% used [0x00000000d5980000,0x00000000d5a05808,0x00000000d5a80000)
  to   space 1024K, 0% used [0x00000000d5880000,0x00000000d5880000,0x00000000d5980000)
 ParOldGen       total 525312K, used 525280K [0x0000000080000000, 0x00000000a0100000, 0x00000000d5580000)
  object space 525312K, 99% used [0x0000000080000000,0x00000000a00f82d8,0x00000000a0100000)
 Metaspace       used 71734K, committed 73344K, reserved 1114112K
  class space    used 7678K, committed 8384K, reserved 1048576K
}
Event: 81.830 GC heap before
{Heap before GC invocations=584 (full 3):
 PSYoungGen      total 4096K, used 3606K [0x00000000d5580000, 0x00000000d5a80000, 0x0000000100000000)
  eden space 3072K, 100% used [0x00000000d5580000,0x00000000d5880000,0x00000000d5880000)
  from space 1024K, 52% used [0x00000000d5980000,0x00000000d5a05808,0x00000000d5a80000)
  to   space 1024K, 0% used [0x00000000d5880000,0x00000000d5880000,0x00000000d5980000)
 ParOldGen       total 525312K, used 525280K [0x0000000080000000, 0x00000000a0100000, 0x00000000d5580000)
  object space 525312K, 99% used [0x0000000080000000,0x00000000a00f82d8,0x00000000a0100000)
 Metaspace       used 71734K, committed 73344K, reserved 1114112K
  class space    used 7678K, committed 8384K, reserved 1048576K
}
Event: 82.834 GC heap after
{Heap after GC invocations=584 (full 3):
 PSYoungGen      total 4096K, used 576K [0x00000000d5580000, 0x00000000d5b80000, 0x0000000100000000)
  eden space 3072K, 0% used [0x00000000d5580000,0x00000000d5580000,0x00000000d5880000)
  from space 1024K, 56% used [0x00000000d5880000,0x00000000d5910000,0x00000000d5980000)
  to   space 1024K, 0% used [0x00000000d5a80000,0x00000000d5a80000,0x00000000d5b80000)
 ParOldGen       total 525824K, used 525742K [0x0000000080000000, 0x00000000a0180000, 0x00000000d5580000)
  object space 525824K, 99% used [0x0000000080000000,0x00000000a016bae0,0x00000000a0180000)
 Metaspace       used 71734K, committed 73344K, reserved 1114112K
  class space    used 7678K, committed 8384K, reserved 1048576K
}
Event: 82.841 GC heap before
{Heap before GC invocations=585 (full 3):
 PSYoungGen      total 4096K, used 3648K [0x00000000d5580000, 0x00000000d5b80000, 0x0000000100000000)
  eden space 3072K, 100% used [0x00000000d5580000,0x00000000d5880000,0x00000000d5880000)
  from space 1024K, 56% used [0x00000000d5880000,0x00000000d5910000,0x00000000d5980000)
  to   space 1024K, 0% used [0x00000000d5a80000,0x00000000d5a80000,0x00000000d5b80000)
 ParOldGen       total 525824K, used 525742K [0x0000000080000000, 0x00000000a0180000, 0x00000000d5580000)
  object space 525824K, 99% used [0x0000000080000000,0x00000000a016bae0,0x00000000a0180000)
 Metaspace       used 71734K, committed 73344K, reserved 1114112K
  class space    used 7678K, committed 8384K, reserved 1048576K
}

